2023-02-07 19:43:39,415 1515 INFO ? odoo: Odoo version 16.0 
2023-02-07 19:43:39,415 1515 INFO ? odoo: Using configuration file at /home/odoo/.config/odoo/odoo.conf 
2023-02-07 19:43:39,415 1515 INFO ? odoo: addons paths: ['/home/odoo/src/odoo/odoo/addons', '/home/odoo/data/addons/16.0', '/home/odoo/src/odoo/addons', '/home/odoo/src/enterprise', '/home/odoo/src/themes'] 
2023-02-07 19:43:39,415 1515 INFO ? odoo: database: p_maziodoo_maztechtraining_test_7195902@192.168.1.1:5432 
2023-02-07 19:43:39,433 1515 INFO ? odoo: Could not determine if database maziodoo-maztechtraining-test-7195902 exists, skipping auto-creation: permission denied for table pg_database
 
2023-02-07 19:43:39,589 1515 INFO ? odoo.addons.base.models.ir_actions_report: Will use the Wkhtmltopdf binary at /usr/local/bin/wkhtmltopdf 
2023-02-07 19:43:39,922 1515 INFO ? odoo.service.server: Watching addons folder /home/odoo/src/odoo/odoo/addons 
2023-02-07 19:43:39,922 1515 INFO ? odoo.service.server: Watching addons folder /home/odoo/data/addons/16.0 
2023-02-07 19:43:39,922 1515 INFO ? odoo.service.server: Watching addons folder /home/odoo/src/odoo/addons 
2023-02-07 19:43:39,922 1515 INFO ? odoo.service.server: Watching addons folder /home/odoo/src/enterprise 
2023-02-07 19:43:39,922 1515 INFO ? odoo.service.server: Watching addons folder /home/odoo/src/themes 
2023-02-07 19:43:40,565 1515 INFO ? odoo.service.server: AutoReload watcher running with inotify 
2023-02-07 19:43:40,566 1515 INFO ? odoo.service.server: HTTP service (werkzeug) running through socket activation 
2023-02-07 19:43:40,590 1515 INFO maziodoo-maztechtraining-test-7195902 odoo.modules.loading: loading 1 modules... 
2023-02-07 19:43:40,596 1515 INFO maziodoo-maztechtraining-test-7195902 odoo.modules.loading: 1 modules loaded in 0.01s, 0 queries (+0 extra) 
2023-02-07 19:43:40,602 1515 INFO maziodoo-maztechtraining-test-7195902 odoo.modules.loading: loading 13 modules... 
2023-02-07 19:43:40,858 1515 INFO maziodoo-maztechtraining-test-7195902 odoo.modules.loading: 13 modules loaded in 0.26s, 0 queries (+0 extra) 
2023-02-07 19:43:40,891 1515 INFO maziodoo-maztechtraining-test-7195902 odoo.modules.loading: Modules loaded. 
2023-02-07 19:43:40,894 1515 INFO maziodoo-maztechtraining-test-7195902 odoo.modules.registry: Registry loaded in 0.328s 
2023-02-07 19:43:40,937 1515 INFO maziodoo-maztechtraining-test-7195902 odoo.addons.base.models.ir_http: Generating routing map for key None 
2023-02-07 19:43:41,036 1515 INFO maziodoo-maztechtraining-test-7195902 werkzeug: 34.172.231.110 - - [07/Feb/2023 19:43:41] "[32mGET / HTTP/1.0[0m" 303 - 1 0.000 0.469
2023-02-07 19:43:41,046 1515 INFO maziodoo-maztechtraining-test-7195902 werkzeug: 34.172.231.110 - - [07/Feb/2023 19:43:41] "[32mGET /web HTTP/1.0[0m" 303 - 1 0.000 0.003
2023-02-07 19:43:41,264 1515 INFO maziodoo-maztechtraining-test-7195902 werkzeug: 34.172.231.110 - - [07/Feb/2023 19:43:41] "GET /web/login HTTP/1.0" 200 - 57 0.019 0.193
2023-02-07 19:43:41,572 1515 INFO maziodoo-maztechtraining-test-7195902 werkzeug: 34.172.231.110 - - [07/Feb/2023 19:43:41] "GET /web/webclient/version_info HTTP/1.0" 200 - 1 0.000 0.290
2023-02-07 19:43:44,433 1515 INFO maziodoo-maztechtraining-test-7195902 odoo.addons.base.models.ir_cron: Starting job `Base: Auto-vacuum internal data`. 
2023-02-07 19:43:44,456 1515 INFO maziodoo-maztechtraining-test-7195902 odoo.addons.base.models.ir_attachment: filestore gc 0 checked, 0 removed 
2023-02-07 19:43:44,500 1515 INFO maziodoo-maztechtraining-test-7195902 odoo.addons.base.models.res_users: GC'd 0 user log entries 
2023-02-07 19:43:44,523 1515 INFO maziodoo-maztechtraining-test-7195902 odoo.addons.auth_totp.models.auth_totp: GC'd 0 totp devices entries 
2023-02-07 19:43:44,545 1515 INFO maziodoo-maztechtraining-test-7195902 odoo.models.unlink: User #1 deleted bus.bus records with IDs: [1, 2, 3, 4] 
2023-02-07 19:43:44,550 1515 INFO maziodoo-maztechtraining-test-7195902 odoo.addons.base.models.ir_cron: Job `Base: Auto-vacuum internal data` done. 
2023-02-07 19:45:50,210 1515 INFO maziodoo-maztechtraining-test-7195902 odoo.service.server: Initiating shutdown 
2023-02-07 19:45:50,210 1515 INFO maziodoo-maztechtraining-test-7195902 odoo.service.server: Hit CTRL-C again or send a second signal to force the shutdown. 
2023-02-07 19:45:50,428 1515 INFO maziodoo-maztechtraining-test-7195902 odoo.sql_db: ConnectionPool(used=0/count=0/max=10): Closed 6 connections  
